2015/11/25 13:33:35 [error] [exception.CHttpException.404] exception 'CHttpException' with message 'Unable to resolve the request "gii/modules".' in D:\wamp\www\yii\framework\web\CWebApplication.php:286
Stack trace:
#0 D:\wamp\www\yii\framework\web\CWebApplication.php(141): CWebApplication->runController('gii/modules')
#1 D:\wamp\www\yii\framework\base\CApplication.php(184): CWebApplication->processRequest()
#2 D:\wamp\www\yii\wish\index.php(13): CApplication->run()
#3 {main}
REQUEST_URI=/yii/wish/index.php?r=gii/modules
---
2015/11/25 13:40:27 [error] [exception.CException] exception 'CException' with message 'IndexController cannot find the requested view "index".' in D:\wamp\www\yii\framework\web\CController.php:878
Stack trace:
#0 D:\wamp\www\yii\framework\web\CController.php(782): CController->renderPartial('index', NULL, true)
#1 D:\wamp\www\yii\wish\protected\controllers\IndexController.php(14): CController->render('index')
#2 D:\wamp\www\yii\framework\web\actions\CInlineAction.php(49): IndexController->actionIndex()
#3 D:\wamp\www\yii\framework\web\CController.php(308): CInlineAction->runWithParams(Array)
#4 D:\wamp\www\yii\framework\web\CController.php(286): CController->runAction(Object(CInlineAction))
#5 D:\wamp\www\yii\framework\web\CController.php(265): CController->runActionWithFilters(Object(CInlineAction), Array)
#6 D:\wamp\www\yii\framework\web\CWebApplication.php(282): CController->run('index')
#7 D:\wamp\www\yii\framework\web\CWebApplication.php(141): CWebApplication->runController('index/index')
#8 D:\wamp\www\yii\framework\base\CApplication.php(184): CWebApplication->processRequest()
#9 D:\wamp\www\yii\wish\index.php(13): CApplication->run()
#10 {main}
REQUEST_URI=/yii/wish/index.php?r=index/index
---
2015/11/25 13:46:31 [error] [exception.CHttpException.404] exception 'CHttpException' with message 'The system is unable to find the requested action "wish".' in D:\wamp\www\yii\framework\web\CController.php:483
Stack trace:
#0 D:\wamp\www\yii\framework\web\CController.php(270): CController->missingAction('wish')
#1 D:\wamp\www\yii\framework\web\CWebApplication.php(282): CController->run('wish')
#2 D:\wamp\www\yii\framework\web\CWebApplication.php(141): CWebApplication->runController('index/wish')
#3 D:\wamp\www\yii\framework\base\CApplication.php(184): CWebApplication->processRequest()
#4 D:\wamp\www\yii\wish\index.php(13): CApplication->run()
#5 {main}
REQUEST_URI=/yii/wish/index.php?r=index/wish
---
2015/11/25 14:13:53 [error] [exception.CException] exception 'CException' with message 'LoginController cannot find the requested view "index".' in D:\wamp\www\yii\framework\web\CController.php:878
Stack trace:
#0 D:\wamp\www\yii\framework\web\CController.php(782): CController->renderPartial('index', NULL, true)
#1 D:\wamp\www\yii\wish\protected\modules\admin\controllers\LoginController.php(13): CController->render('index')
#2 D:\wamp\www\yii\framework\web\actions\CInlineAction.php(49): LoginController->actionIndex()
#3 D:\wamp\www\yii\framework\web\CController.php(308): CInlineAction->runWithParams(Array)
#4 D:\wamp\www\yii\framework\web\CController.php(286): CController->runAction(Object(CInlineAction))
#5 D:\wamp\www\yii\framework\web\CController.php(265): CController->runActionWithFilters(Object(CInlineAction), Array)
#6 D:\wamp\www\yii\framework\web\CWebApplication.php(282): CController->run('index')
#7 D:\wamp\www\yii\framework\web\CWebApplication.php(141): CWebApplication->runController('admin/login/ind...')
#8 D:\wamp\www\yii\framework\base\CApplication.php(184): CWebApplication->processRequest()
#9 D:\wamp\www\yii\wish\index.php(13): CApplication->run()
#10 {main}
REQUEST_URI=/yii/wish/index.php?r=admin/login/index
---
2015/11/25 14:20:28 [error] [exception.CHttpException.404] exception 'CHttpException' with message 'Unable to resolve the request "admin/index/index".' in D:\wamp\www\yii\framework\web\CWebApplication.php:286
Stack trace:
#0 D:\wamp\www\yii\framework\web\CWebApplication.php(141): CWebApplication->runController('admin/index/ind...')
#1 D:\wamp\www\yii\framework\base\CApplication.php(184): CWebApplication->processRequest()
#2 D:\wamp\www\yii\wish\index.php(13): CApplication->run()
#3 {main}
REQUEST_URI=/yii/wish/index.php?r=admin/index/index
---
2015/11/25 14:20:31 [error] [exception.CHttpException.404] exception 'CHttpException' with message 'Unable to resolve the request "admin/idnex/index".' in D:\wamp\www\yii\framework\web\CWebApplication.php:286
Stack trace:
#0 D:\wamp\www\yii\framework\web\CWebApplication.php(141): CWebApplication->runController('admin/idnex/ind...')
#1 D:\wamp\www\yii\framework\base\CApplication.php(184): CWebApplication->processRequest()
#2 D:\wamp\www\yii\wish\index.php(13): CApplication->run()
#3 {main}
REQUEST_URI=/yii/wish/index.php?r=admin/idnex/index
---
2015/11/25 14:20:33 [error] [exception.CHttpException.404] exception 'CHttpException' with message 'Unable to resolve the request "admin/index/index".' in D:\wamp\www\yii\framework\web\CWebApplication.php:286
Stack trace:
#0 D:\wamp\www\yii\framework\web\CWebApplication.php(141): CWebApplication->runController('admin/index/ind...')
#1 D:\wamp\www\yii\framework\base\CApplication.php(184): CWebApplication->processRequest()
#2 D:\wamp\www\yii\wish\index.php(13): CApplication->run()
#3 {main}
REQUEST_URI=/yii/wish/index.php?r=admin/index/index
---
2015/11/25 14:20:58 [error] [exception.CHttpException.404] exception 'CHttpException' with message 'The system is unable to find the requested action "top".' in D:\wamp\www\yii\framework\web\CController.php:483
Stack trace:
#0 D:\wamp\www\yii\framework\web\CController.php(270): CController->missingAction('top')
#1 D:\wamp\www\yii\framework\web\CWebApplication.php(282): CController->run('top')
#2 D:\wamp\www\yii\framework\web\CWebApplication.php(141): CWebApplication->runController('admin/login/top')
#3 D:\wamp\www\yii\framework\base\CApplication.php(184): CWebApplication->processRequest()
#4 D:\wamp\www\yii\wish\index.php(13): CApplication->run()
#5 {main}
REQUEST_URI=/yii/wish/index.php?r=admin/login/top
---
2015/11/25 14:21:02 [error] [exception.CHttpException.404] exception 'CHttpException' with message 'The system is unable to find the requested action "indextop".' in D:\wamp\www\yii\framework\web\CController.php:483
Stack trace:
#0 D:\wamp\www\yii\framework\web\CController.php(270): CController->missingAction('indextop')
#1 D:\wamp\www\yii\framework\web\CWebApplication.php(282): CController->run('indextop')
#2 D:\wamp\www\yii\framework\web\CWebApplication.php(141): CWebApplication->runController('admin/login/ind...')
#3 D:\wamp\www\yii\framework\base\CApplication.php(184): CWebApplication->processRequest()
#4 D:\wamp\www\yii\wish\index.php(13): CApplication->run()
#5 {main}
REQUEST_URI=/yii/wish/index.php?r=admin/login/indextop
---
2015/11/25 14:33:38 [error] [exception.CException] exception 'CException' with message 'WishController cannot find the requested view "index".' in D:\wamp\www\yii\framework\web\CController.php:878
Stack trace:
#0 D:\wamp\www\yii\framework\web\CController.php(782): CController->renderPartial('index', NULL, true)
#1 D:\wamp\www\yii\wish\protected\modules\admin\controllers\WishController.php(11): CController->render('index')
#2 D:\wamp\www\yii\framework\web\actions\CInlineAction.php(49): WishController->actionIndex()
#3 D:\wamp\www\yii\framework\web\CController.php(308): CInlineAction->runWithParams(Array)
#4 D:\wamp\www\yii\framework\web\CController.php(286): CController->runAction(Object(CInlineAction))
#5 D:\wamp\www\yii\framework\web\CController.php(265): CController->runActionWithFilters(Object(CInlineAction), Array)
#6 D:\wamp\www\yii\framework\web\CWebApplication.php(282): CController->run('index')
#7 D:\wamp\www\yii\framework\web\CWebApplication.php(141): CWebApplication->runController('admin/wish/inde...')
#8 D:\wamp\www\yii\framework\base\CApplication.php(184): CWebApplication->processRequest()
#9 D:\wamp\www\yii\wish\index.php(13): CApplication->run()
#10 {main}
REQUEST_URI=/yii/wish/index.php?r=admin/wish/index
HTTP_REFERER=http://localhost/yii/wish/index.php?r=admin/index/indexleft
---
2015/11/25 14:33:41 [error] [exception.CException] exception 'CException' with message 'WishController cannot find the requested view "index".' in D:\wamp\www\yii\framework\web\CController.php:878
Stack trace:
#0 D:\wamp\www\yii\framework\web\CController.php(782): CController->renderPartial('index', NULL, true)
#1 D:\wamp\www\yii\wish\protected\modules\admin\controllers\WishController.php(11): CController->render('index')
#2 D:\wamp\www\yii\framework\web\actions\CInlineAction.php(49): WishController->actionIndex()
#3 D:\wamp\www\yii\framework\web\CController.php(308): CInlineAction->runWithParams(Array)
#4 D:\wamp\www\yii\framework\web\CController.php(286): CController->runAction(Object(CInlineAction))
#5 D:\wamp\www\yii\framework\web\CController.php(265): CController->runActionWithFilters(Object(CInlineAction), Array)
#6 D:\wamp\www\yii\framework\web\CWebApplication.php(282): CController->run('index')
#7 D:\wamp\www\yii\framework\web\CWebApplication.php(141): CWebApplication->runController('admin/wish/inde...')
#8 D:\wamp\www\yii\framework\base\CApplication.php(184): CWebApplication->processRequest()
#9 D:\wamp\www\yii\wish\index.php(13): CApplication->run()
#10 {main}
REQUEST_URI=/yii/wish/index.php?r=admin/wish/index
HTTP_REFERER=http://localhost/yii/wish/index.php?r=admin/index/indexleft
---
2015/11/25 14:34:42 [error] [exception.CException] exception 'CException' with message 'WishController cannot find the requested view "index".' in D:\wamp\www\yii\framework\web\CController.php:878
Stack trace:
#0 D:\wamp\www\yii\framework\web\CController.php(782): CController->renderPartial('index', NULL, true)
#1 D:\wamp\www\yii\wish\protected\modules\admin\controllers\WishController.php(11): CController->render('index')
#2 D:\wamp\www\yii\framework\web\actions\CInlineAction.php(49): WishController->actionIndex()
#3 D:\wamp\www\yii\framework\web\CController.php(308): CInlineAction->runWithParams(Array)
#4 D:\wamp\www\yii\framework\web\CController.php(286): CController->runAction(Object(CInlineAction))
#5 D:\wamp\www\yii\framework\web\CController.php(265): CController->runActionWithFilters(Object(CInlineAction), Array)
#6 D:\wamp\www\yii\framework\web\CWebApplication.php(282): CController->run('index')
#7 D:\wamp\www\yii\framework\web\CWebApplication.php(141): CWebApplication->runController('admin/wish/inde...')
#8 D:\wamp\www\yii\framework\base\CApplication.php(184): CWebApplication->processRequest()
#9 D:\wamp\www\yii\wish\index.php(13): CApplication->run()
#10 {main}
REQUEST_URI=/yii/wish/index.php?r=admin/wish/index
HTTP_REFERER=http://localhost/yii/wish/index.php?r=admin/index/indexleft
---
2015/11/25 14:34:42 [error] [exception.CException] exception 'CException' with message 'WishController cannot find the requested view "index".' in D:\wamp\www\yii\framework\web\CController.php:878
Stack trace:
#0 D:\wamp\www\yii\framework\web\CController.php(782): CController->renderPartial('index', NULL, true)
#1 D:\wamp\www\yii\wish\protected\modules\admin\controllers\WishController.php(11): CController->render('index')
#2 D:\wamp\www\yii\framework\web\actions\CInlineAction.php(49): WishController->actionIndex()
#3 D:\wamp\www\yii\framework\web\CController.php(308): CInlineAction->runWithParams(Array)
#4 D:\wamp\www\yii\framework\web\CController.php(286): CController->runAction(Object(CInlineAction))
#5 D:\wamp\www\yii\framework\web\CController.php(265): CController->runActionWithFilters(Object(CInlineAction), Array)
#6 D:\wamp\www\yii\framework\web\CWebApplication.php(282): CController->run('index')
#7 D:\wamp\www\yii\framework\web\CWebApplication.php(141): CWebApplication->runController('admin/wish/inde...')
#8 D:\wamp\www\yii\framework\base\CApplication.php(184): CWebApplication->processRequest()
#9 D:\wamp\www\yii\wish\index.php(13): CApplication->run()
#10 {main}
REQUEST_URI=/yii/wish/index.php?r=admin/wish/index
HTTP_REFERER=http://localhost/yii/wish/index.php?r=admin/index/indexleft
---
2015/11/25 14:34:43 [error] [exception.CException] exception 'CException' with message 'WishController cannot find the requested view "index".' in D:\wamp\www\yii\framework\web\CController.php:878
Stack trace:
#0 D:\wamp\www\yii\framework\web\CController.php(782): CController->renderPartial('index', NULL, true)
#1 D:\wamp\www\yii\wish\protected\modules\admin\controllers\WishController.php(11): CController->render('index')
#2 D:\wamp\www\yii\framework\web\actions\CInlineAction.php(49): WishController->actionIndex()
#3 D:\wamp\www\yii\framework\web\CController.php(308): CInlineAction->runWithParams(Array)
#4 D:\wamp\www\yii\framework\web\CController.php(286): CController->runAction(Object(CInlineAction))
#5 D:\wamp\www\yii\framework\web\CController.php(265): CController->runActionWithFilters(Object(CInlineAction), Array)
#6 D:\wamp\www\yii\framework\web\CWebApplication.php(282): CController->run('index')
#7 D:\wamp\www\yii\framework\web\CWebApplication.php(141): CWebApplication->runController('admin/wish/inde...')
#8 D:\wamp\www\yii\framework\base\CApplication.php(184): CWebApplication->processRequest()
#9 D:\wamp\www\yii\wish\index.php(13): CApplication->run()
#10 {main}
REQUEST_URI=/yii/wish/index.php?r=admin/wish/index
HTTP_REFERER=http://localhost/yii/wish/index.php?r=admin/index/indexleft
---
2015/11/25 14:34:51 [error] [exception.CException] exception 'CException' with message 'WishController cannot find the requested view "index".' in D:\wamp\www\yii\framework\web\CController.php:878
Stack trace:
#0 D:\wamp\www\yii\framework\web\CController.php(782): CController->renderPartial('index', NULL, true)
#1 D:\wamp\www\yii\wish\protected\modules\admin\controllers\WishController.php(11): CController->render('index')
#2 D:\wamp\www\yii\framework\web\actions\CInlineAction.php(49): WishController->actionIndex()
#3 D:\wamp\www\yii\framework\web\CController.php(308): CInlineAction->runWithParams(Array)
#4 D:\wamp\www\yii\framework\web\CController.php(286): CController->runAction(Object(CInlineAction))
#5 D:\wamp\www\yii\framework\web\CController.php(265): CController->runActionWithFilters(Object(CInlineAction), Array)
#6 D:\wamp\www\yii\framework\web\CWebApplication.php(282): CController->run('index')
#7 D:\wamp\www\yii\framework\web\CWebApplication.php(141): CWebApplication->runController('admin/wish/inde...')
#8 D:\wamp\www\yii\framework\base\CApplication.php(184): CWebApplication->processRequest()
#9 D:\wamp\www\yii\wish\index.php(13): CApplication->run()
#10 {main}
REQUEST_URI=/yii/wish/index.php?r=admin/wish/index
HTTP_REFERER=http://localhost/yii/wish/index.php?r=admin/index/indexleft
---
2015/11/25 14:34:51 [error] [exception.CException] exception 'CException' with message 'WishController cannot find the requested view "index".' in D:\wamp\www\yii\framework\web\CController.php:878
Stack trace:
#0 D:\wamp\www\yii\framework\web\CController.php(782): CController->renderPartial('index', NULL, true)
#1 D:\wamp\www\yii\wish\protected\modules\admin\controllers\WishController.php(11): CController->render('index')
#2 D:\wamp\www\yii\framework\web\actions\CInlineAction.php(49): WishController->actionIndex()
#3 D:\wamp\www\yii\framework\web\CController.php(308): CInlineAction->runWithParams(Array)
#4 D:\wamp\www\yii\framework\web\CController.php(286): CController->runAction(Object(CInlineAction))
#5 D:\wamp\www\yii\framework\web\CController.php(265): CController->runActionWithFilters(Object(CInlineAction), Array)
#6 D:\wamp\www\yii\framework\web\CWebApplication.php(282): CController->run('index')
#7 D:\wamp\www\yii\framework\web\CWebApplication.php(141): CWebApplication->runController('admin/wish/inde...')
#8 D:\wamp\www\yii\framework\base\CApplication.php(184): CWebApplication->processRequest()
#9 D:\wamp\www\yii\wish\index.php(13): CApplication->run()
#10 {main}
REQUEST_URI=/yii/wish/index.php?r=admin/wish/index
HTTP_REFERER=http://localhost/yii/wish/index.php?r=admin/index/indexleft
---
2015/11/25 14:34:52 [error] [exception.CException] exception 'CException' with message 'WishController cannot find the requested view "index".' in D:\wamp\www\yii\framework\web\CController.php:878
Stack trace:
#0 D:\wamp\www\yii\framework\web\CController.php(782): CController->renderPartial('index', NULL, true)
#1 D:\wamp\www\yii\wish\protected\modules\admin\controllers\WishController.php(11): CController->render('index')
#2 D:\wamp\www\yii\framework\web\actions\CInlineAction.php(49): WishController->actionIndex()
#3 D:\wamp\www\yii\framework\web\CController.php(308): CInlineAction->runWithParams(Array)
#4 D:\wamp\www\yii\framework\web\CController.php(286): CController->runAction(Object(CInlineAction))
#5 D:\wamp\www\yii\framework\web\CController.php(265): CController->runActionWithFilters(Object(CInlineAction), Array)
#6 D:\wamp\www\yii\framework\web\CWebApplication.php(282): CController->run('index')
#7 D:\wamp\www\yii\framework\web\CWebApplication.php(141): CWebApplication->runController('admin/wish/inde...')
#8 D:\wamp\www\yii\framework\base\CApplication.php(184): CWebApplication->processRequest()
#9 D:\wamp\www\yii\wish\index.php(13): CApplication->run()
#10 {main}
REQUEST_URI=/yii/wish/index.php?r=admin/wish/index
HTTP_REFERER=http://localhost/yii/wish/index.php?r=admin/index/indexleft
---
2015/11/25 14:34:53 [error] [exception.CException] exception 'CException' with message 'WishController cannot find the requested view "index".' in D:\wamp\www\yii\framework\web\CController.php:878
Stack trace:
#0 D:\wamp\www\yii\framework\web\CController.php(782): CController->renderPartial('index', NULL, true)
#1 D:\wamp\www\yii\wish\protected\modules\admin\controllers\WishController.php(11): CController->render('index')
#2 D:\wamp\www\yii\framework\web\actions\CInlineAction.php(49): WishController->actionIndex()
#3 D:\wamp\www\yii\framework\web\CController.php(308): CInlineAction->runWithParams(Array)
#4 D:\wamp\www\yii\framework\web\CController.php(286): CController->runAction(Object(CInlineAction))
#5 D:\wamp\www\yii\framework\web\CController.php(265): CController->runActionWithFilters(Object(CInlineAction), Array)
#6 D:\wamp\www\yii\framework\web\CWebApplication.php(282): CController->run('index')
#7 D:\wamp\www\yii\framework\web\CWebApplication.php(141): CWebApplication->runController('admin/wish/inde...')
#8 D:\wamp\www\yii\framework\base\CApplication.php(184): CWebApplication->processRequest()
#9 D:\wamp\www\yii\wish\index.php(13): CApplication->run()
#10 {main}
REQUEST_URI=/yii/wish/index.php?r=admin/wish/index
HTTP_REFERER=http://localhost/yii/wish/index.php?r=admin/index/indexleft
---
2015/11/25 14:35:07 [error] [exception.CException] exception 'CException' with message 'WishController cannot find the requested view "index".' in D:\wamp\www\yii\framework\web\CController.php:878
Stack trace:
#0 D:\wamp\www\yii\framework\web\CController.php(782): CController->renderPartial('index', NULL, true)
#1 D:\wamp\www\yii\wish\protected\modules\admin\controllers\WishController.php(11): CController->render('index')
#2 D:\wamp\www\yii\framework\web\actions\CInlineAction.php(49): WishController->actionIndex()
#3 D:\wamp\www\yii\framework\web\CController.php(308): CInlineAction->runWithParams(Array)
#4 D:\wamp\www\yii\framework\web\CController.php(286): CController->runAction(Object(CInlineAction))
#5 D:\wamp\www\yii\framework\web\CController.php(265): CController->runActionWithFilters(Object(CInlineAction), Array)
#6 D:\wamp\www\yii\framework\web\CWebApplication.php(282): CController->run('index')
#7 D:\wamp\www\yii\framework\web\CWebApplication.php(141): CWebApplication->runController('admin/wish/inde...')
#8 D:\wamp\www\yii\framework\base\CApplication.php(184): CWebApplication->processRequest()
#9 D:\wamp\www\yii\wish\index.php(13): CApplication->run()
#10 {main}
REQUEST_URI=/yii/wish/index.php?r=admin/wish/index
HTTP_REFERER=http://localhost/yii/wish/index.php?r=admin/index/indexleft
---
2015/11/25 14:35:08 [error] [exception.CException] exception 'CException' with message 'WishController cannot find the requested view "add".' in D:\wamp\www\yii\framework\web\CController.php:878
Stack trace:
#0 D:\wamp\www\yii\framework\web\CController.php(782): CController->renderPartial('add', NULL, true)
#1 D:\wamp\www\yii\wish\protected\modules\admin\controllers\WishController.php(18): CController->render('add')
#2 D:\wamp\www\yii\framework\web\actions\CInlineAction.php(49): WishController->actionAdd()
#3 D:\wamp\www\yii\framework\web\CController.php(308): CInlineAction->runWithParams(Array)
#4 D:\wamp\www\yii\framework\web\CController.php(286): CController->runAction(Object(CInlineAction))
#5 D:\wamp\www\yii\framework\web\CController.php(265): CController->runActionWithFilters(Object(CInlineAction), Array)
#6 D:\wamp\www\yii\framework\web\CWebApplication.php(282): CController->run('add')
#7 D:\wamp\www\yii\framework\web\CWebApplication.php(141): CWebApplication->runController('admin/wish/add')
#8 D:\wamp\www\yii\framework\base\CApplication.php(184): CWebApplication->processRequest()
#9 D:\wamp\www\yii\wish\index.php(13): CApplication->run()
#10 {main}
REQUEST_URI=/yii/wish/index.php?r=admin/wish/add
HTTP_REFERER=http://localhost/yii/wish/index.php?r=admin/index/indexleft
---
2015/11/25 14:35:08 [error] [exception.CException] exception 'CException' with message 'WishController cannot find the requested view "index".' in D:\wamp\www\yii\framework\web\CController.php:878
Stack trace:
#0 D:\wamp\www\yii\framework\web\CController.php(782): CController->renderPartial('index', NULL, true)
#1 D:\wamp\www\yii\wish\protected\modules\admin\controllers\WishController.php(11): CController->render('index')
#2 D:\wamp\www\yii\framework\web\actions\CInlineAction.php(49): WishController->actionIndex()
#3 D:\wamp\www\yii\framework\web\CController.php(308): CInlineAction->runWithParams(Array)
#4 D:\wamp\www\yii\framework\web\CController.php(286): CController->runAction(Object(CInlineAction))
#5 D:\wamp\www\yii\framework\web\CController.php(265): CController->runActionWithFilters(Object(CInlineAction), Array)
#6 D:\wamp\www\yii\framework\web\CWebApplication.php(282): CController->run('index')
#7 D:\wamp\www\yii\framework\web\CWebApplication.php(141): CWebApplication->runController('admin/wish/inde...')
#8 D:\wamp\www\yii\framework\base\CApplication.php(184): CWebApplication->processRequest()
#9 D:\wamp\www\yii\wish\index.php(13): CApplication->run()
#10 {main}
REQUEST_URI=/yii/wish/index.php?r=admin/wish/index
HTTP_REFERER=http://localhost/yii/wish/index.php?r=admin/index/indexleft
---
2015/11/25 14:36:19 [error] [exception.CHttpException.404] exception 'CHttpException' with message 'Unable to resolve the request "admin/manager/index".' in D:\wamp\www\yii\framework\web\CWebApplication.php:286
Stack trace:
#0 D:\wamp\www\yii\framework\web\CWebApplication.php(141): CWebApplication->runController('admin/manager/i...')
#1 D:\wamp\www\yii\framework\base\CApplication.php(184): CWebApplication->processRequest()
#2 D:\wamp\www\yii\wish\index.php(13): CApplication->run()
#3 {main}
REQUEST_URI=/yii/wish/index.php?r=admin/manager/index
HTTP_REFERER=http://localhost/yii/wish/index.php?r=admin/index/indexleft
---
2015/11/25 15:19:40 [error] [php] Undefined variable: from (D:\wamp\www\yii\wish\protected\modules\admin\views\login\index.php:74)
Stack trace:
#0 D:\wamp\www\yii\framework\web\CController.php(869): LoginController->renderFile()
#1 D:\wamp\www\yii\framework\web\CController.php(782): LoginController->renderPartial()
#2 D:\wamp\www\yii\wish\protected\modules\admin\controllers\LoginController.php(13): LoginController->render()
#3 D:\wamp\www\yii\framework\web\actions\CInlineAction.php(49): LoginController->actionIndex()
#4 D:\wamp\www\yii\framework\web\CController.php(308): CInlineAction->runWithParams()
#5 D:\wamp\www\yii\framework\web\CController.php(286): LoginController->runAction()
#6 D:\wamp\www\yii\framework\web\CController.php(265): LoginController->runActionWithFilters()
#7 D:\wamp\www\yii\framework\web\CWebApplication.php(282): LoginController->run()
#8 D:\wamp\www\yii\framework\web\CWebApplication.php(141): CWebApplication->runController()
#9 D:\wamp\www\yii\framework\base\CApplication.php(184): CWebApplication->processRequest()
#10 D:\wamp\www\yii\wish\index.php(13): CWebApplication->run()
REQUEST_URI=/yii/wish/index.php?r=admin/login/index
in D:\wamp\www\yii\wish\protected\modules\admin\views\login\index.php (74)
in D:\wamp\www\yii\wish\protected\modules\admin\controllers\LoginController.php (13)
in D:\wamp\www\yii\wish\index.php (13)
2015/11/25 15:19:51 [error] [php] Undefined variable: form (D:\wamp\www\yii\wish\protected\modules\admin\views\login\index.php:74)
Stack trace:
#0 D:\wamp\www\yii\framework\web\CController.php(869): LoginController->renderFile()
#1 D:\wamp\www\yii\framework\web\CController.php(782): LoginController->renderPartial()
#2 D:\wamp\www\yii\wish\protected\modules\admin\controllers\LoginController.php(13): LoginController->render()
#3 D:\wamp\www\yii\framework\web\actions\CInlineAction.php(49): LoginController->actionIndex()
#4 D:\wamp\www\yii\framework\web\CController.php(308): CInlineAction->runWithParams()
#5 D:\wamp\www\yii\framework\web\CController.php(286): LoginController->runAction()
#6 D:\wamp\www\yii\framework\web\CController.php(265): LoginController->runActionWithFilters()
#7 D:\wamp\www\yii\framework\web\CWebApplication.php(282): LoginController->run()
#8 D:\wamp\www\yii\framework\web\CWebApplication.php(141): CWebApplication->runController()
#9 D:\wamp\www\yii\framework\base\CApplication.php(184): CWebApplication->processRequest()
#10 D:\wamp\www\yii\wish\index.php(13): CWebApplication->run()
REQUEST_URI=/yii/wish/index.php?r=admin/login/index
in D:\wamp\www\yii\wish\protected\modules\admin\views\login\index.php (74)
in D:\wamp\www\yii\wish\protected\modules\admin\controllers\LoginController.php (13)
in D:\wamp\www\yii\wish\index.php (13)
2015/11/25 15:20:10 [error] [php] Undefined variable: form (D:\wamp\www\yii\wish\protected\modules\admin\views\login\index.php:74)
Stack trace:
#0 D:\wamp\www\yii\framework\web\CController.php(869): LoginController->renderFile()
#1 D:\wamp\www\yii\framework\web\CController.php(782): LoginController->renderPartial()
#2 D:\wamp\www\yii\wish\protected\modules\admin\controllers\LoginController.php(13): LoginController->render()
#3 D:\wamp\www\yii\framework\web\actions\CInlineAction.php(49): LoginController->actionIndex()
#4 D:\wamp\www\yii\framework\web\CController.php(308): CInlineAction->runWithParams()
#5 D:\wamp\www\yii\framework\web\CController.php(286): LoginController->runAction()
#6 D:\wamp\www\yii\framework\web\CController.php(265): LoginController->runActionWithFilters()
#7 D:\wamp\www\yii\framework\web\CWebApplication.php(282): LoginController->run()
#8 D:\wamp\www\yii\framework\web\CWebApplication.php(141): CWebApplication->runController()
#9 D:\wamp\www\yii\framework\base\CApplication.php(184): CWebApplication->processRequest()
#10 D:\wamp\www\yii\wish\index.php(13): CWebApplication->run()
REQUEST_URI=/yii/wish/index.php?r=admin/login/index
in D:\wamp\www\yii\wish\protected\modules\admin\views\login\index.php (74)
in D:\wamp\www\yii\wish\protected\modules\admin\controllers\LoginController.php (13)
in D:\wamp\www\yii\wish\index.php (13)
2015/11/25 15:20:29 [error] [php] Undefined variable: form (D:\wamp\www\yii\wish\protected\modules\admin\views\login\index.php:74)
Stack trace:
#0 D:\wamp\www\yii\framework\web\CController.php(869): LoginController->renderFile()
#1 D:\wamp\www\yii\framework\web\CController.php(782): LoginController->renderPartial()
#2 D:\wamp\www\yii\wish\protected\modules\admin\controllers\LoginController.php(13): LoginController->render()
#3 D:\wamp\www\yii\framework\web\actions\CInlineAction.php(49): LoginController->actionIndex()
#4 D:\wamp\www\yii\framework\web\CController.php(308): CInlineAction->runWithParams()
#5 D:\wamp\www\yii\framework\web\CController.php(286): LoginController->runAction()
#6 D:\wamp\www\yii\framework\web\CController.php(265): LoginController->runActionWithFilters()
#7 D:\wamp\www\yii\framework\web\CWebApplication.php(282): LoginController->run()
#8 D:\wamp\www\yii\framework\web\CWebApplication.php(141): CWebApplication->runController()
#9 D:\wamp\www\yii\framework\base\CApplication.php(184): CWebApplication->processRequest()
#10 D:\wamp\www\yii\wish\index.php(13): CWebApplication->run()
REQUEST_URI=/yii/wish/index.php?r=admin/login/index
in D:\wamp\www\yii\wish\protected\modules\admin\views\login\index.php (74)
in D:\wamp\www\yii\wish\protected\modules\admin\controllers\LoginController.php (13)
in D:\wamp\www\yii\wish\index.php (13)
2015/11/25 15:32:08 [error] [exception.CException] exception 'CException' with message 'LoginController and its behaviors do not have a method or closure named "benginWidget".' in D:\wamp\www\yii\framework\base\CComponent.php:266
Stack trace:
#0 D:\wamp\www\yii\wish\protected\modules\admin\views\login\index.php(75): CComponent->__call('benginWidget', Array)
#1 D:\wamp\www\yii\wish\protected\modules\admin\views\login\index.php(75): LoginController->benginWidget('CActiveForm')
#2 D:\wamp\www\yii\framework\web\CBaseController.php(126): require('D:\\wamp\\www\\yii...')
#3 D:\wamp\www\yii\framework\web\CBaseController.php(95): CBaseController->renderInternal('D:\\wamp\\www\\yii...', NULL, true)
#4 D:\wamp\www\yii\framework\web\CController.php(869): CBaseController->renderFile('D:\\wamp\\www\\yii...', NULL, true)
#5 D:\wamp\www\yii\framework\web\CController.php(782): CController->renderPartial('index', NULL, true)
#6 D:\wamp\www\yii\wish\protected\modules\admin\controllers\LoginController.php(13): CController->render('index')
#7 D:\wamp\www\yii\framework\web\actions\CInlineAction.php(49): LoginController->actionIndex()
#8 D:\wamp\www\yii\framework\web\CController.php(308): CInlineAction->runWithParams(Array)
#9 D:\wamp\www\yii\framework\web\CController.php(286): CController->runAction(Object(CInlineAction))
#10 D:\wamp\www\yii\framework\web\CController.php(265): CController->runActionWithFilters(Object(CInlineAction), Array)
#11 D:\wamp\www\yii\framework\web\CWebApplication.php(282): CController->run('index')
#12 D:\wamp\www\yii\framework\web\CWebApplication.php(141): CWebApplication->runController('admin/login/ind...')
#13 D:\wamp\www\yii\framework\base\CApplication.php(184): CWebApplication->processRequest()
#14 D:\wamp\www\yii\wish\index.php(13): CApplication->run()
#15 {main}
REQUEST_URI=/yii/wish/index.php?r=admin/login/index
---
2015/11/25 15:35:11 [error] [php] Undefined variable: loginModel (D:\wamp\www\yii\wish\protected\modules\admin\views\login\index.php:79)
Stack trace:
#0 D:\wamp\www\yii\framework\web\CController.php(869): LoginController->renderFile()
#1 D:\wamp\www\yii\framework\web\CController.php(782): LoginController->renderPartial()
#2 D:\wamp\www\yii\wish\protected\modules\admin\controllers\LoginController.php(13): LoginController->render()
#3 D:\wamp\www\yii\framework\web\actions\CInlineAction.php(49): LoginController->actionIndex()
#4 D:\wamp\www\yii\framework\web\CController.php(308): CInlineAction->runWithParams()
#5 D:\wamp\www\yii\framework\web\CController.php(286): LoginController->runAction()
#6 D:\wamp\www\yii\framework\web\CController.php(265): LoginController->runActionWithFilters()
#7 D:\wamp\www\yii\framework\web\CWebApplication.php(282): LoginController->run()
#8 D:\wamp\www\yii\framework\web\CWebApplication.php(141): CWebApplication->runController()
#9 D:\wamp\www\yii\framework\base\CApplication.php(184): CWebApplication->processRequest()
#10 D:\wamp\www\yii\wish\index.php(13): CWebApplication->run()
REQUEST_URI=/yii/wish/index.php?r=admin/login/index
in D:\wamp\www\yii\wish\protected\modules\admin\views\login\index.php (79)
in D:\wamp\www\yii\wish\protected\modules\admin\controllers\LoginController.php (13)
in D:\wamp\www\yii\wish\index.php (13)
2015/11/25 15:39:23 [error] [exception.CException] exception 'CException' with message 'Property "LoginForm.captcha" is not defined.' in D:\wamp\www\yii\framework\base\CComponent.php:130
Stack trace:
#0 D:\wamp\www\yii\framework\web\helpers\CHtml.php(2728): CComponent->__get('captcha')
#1 D:\wamp\www\yii\framework\web\helpers\CHtml.php(2451): CHtml::resolveValue(Object(LoginForm), 'captcha')
#2 D:\wamp\www\yii\framework\web\helpers\CHtml.php(1533): CHtml::activeInputField('text', Object(LoginForm), 'captcha', Array)
#3 D:\wamp\www\yii\framework\web\widgets\CActiveForm.php(792): CHtml::activeTextField(Object(LoginForm), 'captcha', Array)
#4 D:\wamp\www\yii\wish\protected\modules\admin\views\login\index.php(91): CActiveForm->textField(Object(LoginForm), 'captcha', Array)
#5 D:\wamp\www\yii\framework\web\CBaseController.php(126): require('D:\\wamp\\www\\yii...')
#6 D:\wamp\www\yii\framework\web\CBaseController.php(95): CBaseController->renderInternal('D:\\wamp\\www\\yii...', Array, true)
#7 D:\wamp\www\yii\framework\web\CController.php(869): CBaseController->renderFile('D:\\wamp\\www\\yii...', Array, true)
#8 D:\wamp\www\yii\framework\web\CController.php(782): CController->renderPartial('index', Array, true)
#9 D:\wamp\www\yii\wish\protected\modules\admin\controllers\LoginController.php(14): CController->render('index', Array)
#10 D:\wamp\www\yii\framework\web\actions\CInlineAction.php(49): LoginController->actionIndex()
#11 D:\wamp\www\yii\framework\web\CController.php(308): CInlineAction->runWithParams(Array)
#12 D:\wamp\www\yii\framework\web\CController.php(286): CController->runAction(Object(CInlineAction))
#13 D:\wamp\www\yii\framework\web\CController.php(265): CController->runActionWithFilters(Object(CInlineAction), Array)
#14 D:\wamp\www\yii\framework\web\CWebApplication.php(282): CController->run('index')
#15 D:\wamp\www\yii\framework\web\CWebApplication.php(141): CWebApplication->runController('admin/login/ind...')
#16 D:\wamp\www\yii\framework\base\CApplication.php(184): CWebApplication->processRequest()
#17 D:\wamp\www\yii\wish\index.php(13): CApplication->run()
#18 {main}
REQUEST_URI=/yii/wish/index.php?r=admin/login/index
---
2015/11/25 15:57:23 [error] [php] Undefined index: LoginForm (D:\wamp\www\yii\wish\protected\modules\admin\controllers\LoginController.php:36)
Stack trace:
#0 D:\wamp\www\yii\framework\web\CController.php(286): LoginController->runAction()
#1 D:\wamp\www\yii\framework\web\CController.php(265): LoginController->runActionWithFilters()
#2 D:\wamp\www\yii\framework\web\CWebApplication.php(282): LoginController->run()
#3 D:\wamp\www\yii\framework\web\CWebApplication.php(141): CWebApplication->runController()
#4 D:\wamp\www\yii\framework\base\CApplication.php(184): CWebApplication->processRequest()
#5 D:\wamp\www\yii\wish\index.php(16): CWebApplication->run()
REQUEST_URI=/yii/wish/index.php?r=admin/login/index
in D:\wamp\www\yii\wish\protected\modules\admin\controllers\LoginController.php (36)
in D:\wamp\www\yii\wish\index.php (16)
2015/11/25 16:31:01 [error] [exception.CHttpException.404] exception 'CHttpException' with message 'The system is unable to find the requested action "loginout".' in D:\wamp\www\yii\framework\web\CController.php:483
Stack trace:
#0 D:\wamp\www\yii\framework\web\CController.php(270): CController->missingAction('loginout')
#1 D:\wamp\www\yii\framework\web\CWebApplication.php(282): CController->run('loginout')
#2 D:\wamp\www\yii\framework\web\CWebApplication.php(141): CWebApplication->runController('admin/index/log...')
#3 D:\wamp\www\yii\framework\base\CApplication.php(184): CWebApplication->processRequest()
#4 D:\wamp\www\yii\wish\index.php(16): CApplication->run()
#5 {main}
REQUEST_URI=/yii/wish/index.php?r=admin/index/loginout
HTTP_REFERER=http://localhost/yii/wish/index.php?r=admin/index/indextop
---
2015/11/25 16:35:57 [error] [system.db.CDbCommand] CDbCommand::execute() failed: SQLSTATE[42000]: Syntax error or access violation: 1064 You have an error in your SQL syntax; check the manual that corresponds to your MySQL server version for the right syntax to use near '+=1 where username='admin'' at line 1. The SQL statement executed was: update ibf_admin set num+=1 where username='admin'.
in D:\wamp\www\yii\wish\protected\modules\admin\controllers\LoginController.php (53)
in D:\wamp\www\yii\wish\index.php (16)
2015/11/25 16:35:57 [error] [exception.CDbException] exception 'CDbException' with message 'CDbCommand failed to execute the SQL statement: SQLSTATE[42000]: Syntax error or access violation: 1064 You have an error in your SQL syntax; check the manual that corresponds to your MySQL server version for the right syntax to use near '+=1 where username='admin'' at line 1. The SQL statement executed was: update ibf_admin set num+=1 where username='admin'' in D:\wamp\www\yii\framework\db\CDbCommand.php:358
Stack trace:
#0 D:\wamp\www\yii\wish\protected\modules\admin\controllers\LoginController.php(53): CDbCommand->execute()
#1 D:\wamp\www\yii\framework\web\actions\CInlineAction.php(49): LoginController->actionIndex()
#2 D:\wamp\www\yii\framework\web\CController.php(308): CInlineAction->runWithParams(Array)
#3 D:\wamp\www\yii\framework\web\CController.php(286): CController->runAction(Object(CInlineAction))
#4 D:\wamp\www\yii\framework\web\CController.php(265): CController->runActionWithFilters(Object(CInlineAction), Array)
#5 D:\wamp\www\yii\framework\web\CWebApplication.php(282): CController->run('index')
#6 D:\wamp\www\yii\framework\web\CWebApplication.php(141): CWebApplication->runController('admin/login/ind...')
#7 D:\wamp\www\yii\framework\base\CApplication.php(184): CWebApplication->processRequest()
#8 D:\wamp\www\yii\wish\index.php(16): CApplication->run()
#9 {main}
REQUEST_URI=/yii/wish/index.php?r=admin/login/index
HTTP_REFERER=http://localhost/yii/wish/index.php?r=admin/login/index
---
2015/11/25 17:11:36 [error] [php] Undefined variable: wishModel (D:\wamp\www\yii\wish\protected\modules\admin\views\wish\add.php:42)
Stack trace:
#0 D:\wamp\www\yii\framework\web\CController.php(869): WishController->renderFile()
#1 D:\wamp\www\yii\framework\web\CController.php(782): WishController->renderPartial()
#2 D:\wamp\www\yii\wish\protected\modules\admin\controllers\WishController.php(18): WishController->render()
#3 D:\wamp\www\yii\framework\web\actions\CInlineAction.php(49): WishController->actionAdd()
#4 D:\wamp\www\yii\framework\web\CController.php(308): CInlineAction->runWithParams()
#5 D:\wamp\www\yii\framework\web\CController.php(286): WishController->runAction()
#6 D:\wamp\www\yii\framework\web\CController.php(265): WishController->runActionWithFilters()
#7 D:\wamp\www\yii\framework\web\CWebApplication.php(282): WishController->run()
#8 D:\wamp\www\yii\framework\web\CWebApplication.php(141): CWebApplication->runController()
#9 D:\wamp\www\yii\framework\base\CApplication.php(184): CWebApplication->processRequest()
#10 D:\wamp\www\yii\wish\index.php(16): CWebApplication->run()
REQUEST_URI=/yii/wish/index.php?r=admin/wish/add
in D:\wamp\www\yii\wish\protected\modules\admin\views\wish\add.php (42)
in D:\wamp\www\yii\wish\protected\modules\admin\controllers\WishController.php (18)
in D:\wamp\www\yii\wish\index.php (16)
2015/11/25 17:12:50 [error] [exception.CException] exception 'CException' with message 'CActiveForm and its behaviors do not have a method or closure named "textFiled".' in D:\wamp\www\yii\framework\base\CComponent.php:266
Stack trace:
#0 D:\wamp\www\yii\wish\protected\modules\admin\views\wish\add.php(42): CComponent->__call('textFiled', Array)
#1 D:\wamp\www\yii\wish\protected\modules\admin\views\wish\add.php(42): CActiveForm->textFiled(Object(Wish), 'nickname', Array)
#2 D:\wamp\www\yii\framework\web\CBaseController.php(126): require('D:\\wamp\\www\\yii...')
#3 D:\wamp\www\yii\framework\web\CBaseController.php(95): CBaseController->renderInternal('D:\\wamp\\www\\yii...', Array, true)
#4 D:\wamp\www\yii\framework\web\CController.php(869): CBaseController->renderFile('D:\\wamp\\www\\yii...', Array, true)
#5 D:\wamp\www\yii\framework\web\CController.php(782): CController->renderPartial('add', Array, true)
#6 D:\wamp\www\yii\wish\protected\modules\admin\controllers\WishController.php(19): CController->render('add', Array)
#7 D:\wamp\www\yii\framework\web\actions\CInlineAction.php(49): WishController->actionAdd()
#8 D:\wamp\www\yii\framework\web\CController.php(308): CInlineAction->runWithParams(Array)
#9 D:\wamp\www\yii\framework\web\CController.php(286): CController->runAction(Object(CInlineAction))
#10 D:\wamp\www\yii\framework\web\CController.php(265): CController->runActionWithFilters(Object(CInlineAction), Array)
#11 D:\wamp\www\yii\framework\web\CWebApplication.php(282): CController->run('add')
#12 D:\wamp\www\yii\framework\web\CWebApplication.php(141): CWebApplication->runController('admin/wish/add')
#13 D:\wamp\www\yii\framework\base\CApplication.php(184): CWebApplication->processRequest()
#14 D:\wamp\www\yii\wish\index.php(16): CApplication->run()
#15 {main}
REQUEST_URI=/yii/wish/index.php?r=admin/wish/add
HTTP_REFERER=http://localhost/yii/wish/index.php?r=admin/index/indexleft
---
2015/11/25 17:13:20 [error] [php] Undefined variable: from (D:\wamp\www\yii\wish\protected\modules\admin\views\wish\add.php:43)
Stack trace:
#0 D:\wamp\www\yii\framework\web\CController.php(869): WishController->renderFile()
#1 D:\wamp\www\yii\framework\web\CController.php(782): WishController->renderPartial()
#2 D:\wamp\www\yii\wish\protected\modules\admin\controllers\WishController.php(19): WishController->render()
#3 D:\wamp\www\yii\framework\web\actions\CInlineAction.php(49): WishController->actionAdd()
#4 D:\wamp\www\yii\framework\web\CController.php(308): CInlineAction->runWithParams()
#5 D:\wamp\www\yii\framework\web\CController.php(286): WishController->runAction()
#6 D:\wamp\www\yii\framework\web\CController.php(265): WishController->runActionWithFilters()
#7 D:\wamp\www\yii\framework\web\CWebApplication.php(282): WishController->run()
#8 D:\wamp\www\yii\framework\web\CWebApplication.php(141): CWebApplication->runController()
#9 D:\wamp\www\yii\framework\base\CApplication.php(184): CWebApplication->processRequest()
#10 D:\wamp\www\yii\wish\index.php(16): CWebApplication->run()
REQUEST_URI=/yii/wish/index.php?r=admin/wish/add
in D:\wamp\www\yii\wish\protected\modules\admin\views\wish\add.php (43)
in D:\wamp\www\yii\wish\protected\modules\admin\controllers\WishController.php (19)
in D:\wamp\www\yii\wish\index.php (16)
2015/11/25 17:17:07 [error] [php] Undefined index: wish (D:\wamp\www\yii\wish\protected\modules\admin\controllers\WishController.php:20)
Stack trace:
#0 D:\wamp\www\yii\framework\web\CController.php(286): WishController->runAction()
#1 D:\wamp\www\yii\framework\web\CController.php(265): WishController->runActionWithFilters()
#2 D:\wamp\www\yii\framework\web\CWebApplication.php(282): WishController->run()
#3 D:\wamp\www\yii\framework\web\CWebApplication.php(141): CWebApplication->runController()
#4 D:\wamp\www\yii\framework\base\CApplication.php(184): CWebApplication->processRequest()
#5 D:\wamp\www\yii\wish\index.php(16): CWebApplication->run()
REQUEST_URI=/yii/wish/index.php?r=admin/wish/add
in D:\wamp\www\yii\wish\protected\modules\admin\controllers\WishController.php (20)
in D:\wamp\www\yii\wish\index.php (16)
2015/11/25 17:23:20 [error] [php] Undefined variable: list (D:\wamp\www\yii\wish\protected\modules\admin\views\wish\index.php:45)
Stack trace:
#0 D:\wamp\www\yii\framework\web\CController.php(869): WishController->renderFile()
#1 D:\wamp\www\yii\framework\web\CController.php(782): WishController->renderPartial()
#2 D:\wamp\www\yii\wish\protected\modules\admin\controllers\WishController.php(14): WishController->render()
#3 D:\wamp\www\yii\framework\web\actions\CInlineAction.php(49): WishController->actionIndex()
#4 D:\wamp\www\yii\framework\web\CController.php(308): CInlineAction->runWithParams()
#5 D:\wamp\www\yii\framework\web\CController.php(286): WishController->runAction()
#6 D:\wamp\www\yii\framework\web\CController.php(265): WishController->runActionWithFilters()
#7 D:\wamp\www\yii\framework\web\CWebApplication.php(282): WishController->run()
#8 D:\wamp\www\yii\framework\web\CWebApplication.php(141): CWebApplication->runController()
#9 D:\wamp\www\yii\framework\base\CApplication.php(184): CWebApplication->processRequest()
#10 D:\wamp\www\yii\wish\index.php(16): CWebApplication->run()
REQUEST_URI=/yii/wish/index.php?r=admin/wish/index
in D:\wamp\www\yii\wish\protected\modules\admin\views\wish\index.php (45)
in D:\wamp\www\yii\wish\protected\modules\admin\controllers\WishController.php (14)
in D:\wamp\www\yii\wish\index.php (16)
2015/11/25 17:42:04 [error] [php] Undefined variable: id (D:\wamp\www\yii\wish\protected\modules\admin\controllers\WishController.php:60)
Stack trace:
#0 D:\wamp\www\yii\framework\web\CController.php(286): WishController->runAction()
#1 D:\wamp\www\yii\framework\web\CController.php(265): WishController->runActionWithFilters()
#2 D:\wamp\www\yii\framework\web\CWebApplication.php(282): WishController->run()
#3 D:\wamp\www\yii\framework\web\CWebApplication.php(141): CWebApplication->runController()
#4 D:\wamp\www\yii\framework\base\CApplication.php(184): CWebApplication->processRequest()
#5 D:\wamp\www\yii\wish\index.php(16): CWebApplication->run()
REQUEST_URI=/yii/wish/index.php?r=admin/wish/del&id=4
in D:\wamp\www\yii\wish\protected\modules\admin\controllers\WishController.php (60)
in D:\wamp\www\yii\wish\index.php (16)
2015/11/25 17:42:50 [error] [php] Undefined variable: wishModel (D:\wamp\www\yii\wish\protected\modules\admin\views\wish\edit.php:43)
Stack trace:
#0 D:\wamp\www\yii\framework\web\CController.php(869): WishController->renderFile()
#1 D:\wamp\www\yii\framework\web\CController.php(782): WishController->renderPartial()
#2 D:\wamp\www\yii\wish\protected\modules\admin\controllers\WishController.php(52): WishController->render()
#3 unknown(0): WishController->actionEdit()
#4 D:\wamp\www\yii\framework\web\actions\CAction.php(109): ReflectionMethod->invokeArgs()
#5 D:\wamp\www\yii\framework\web\actions\CInlineAction.php(47): CInlineAction->runWithParamsInternal()
#6 D:\wamp\www\yii\framework\web\CController.php(308): CInlineAction->runWithParams()
#7 D:\wamp\www\yii\framework\web\CController.php(286): WishController->runAction()
#8 D:\wamp\www\yii\framework\web\CController.php(265): WishController->runActionWithFilters()
#9 D:\wamp\www\yii\framework\web\CWebApplication.php(282): WishController->run()
#10 D:\wamp\www\yii\framework\web\CWebApplication.php(141): CWebApplication->runController()
#11 D:\wamp\www\yii\framework\base\CApplication.php(184): CWebApplication->processRequest()
#12 D:\wamp\www\yii\wish\index.php(16): CWebApplication->run()
REQUEST_URI=/yii/wish/index.php?r=admin/wish/edit&id=4
in D:\wamp\www\yii\wish\protected\modules\admin\views\wish\edit.php (43)
in D:\wamp\www\yii\wish\protected\modules\admin\controllers\WishController.php (52)
in D:\wamp\www\yii\wish\index.php (16)
2015/11/25 17:53:16 [error] [system.db.CDbCommand] CDbCommand::execute() failed: SQLSTATE[23000]: Integrity constraint violation: 1062 Duplicate entry '1' for key 'PRIMARY'. The SQL statement executed was: 
INSERT INTO `ibf_admin` VALUES ('1', 'admin', '21232f297a57a5a743894a0e4a801fc3', '0', '0', '7');.
in D:\wamp\www\yii\wish\protected\function.php (22)
in D:\wamp\www\yii\wish\protected\modules\admin\controllers\WishController.php (51)
in D:\wamp\www\yii\wish\index.php (16)
2015/11/25 17:53:16 [error] [exception.CDbException] exception 'CDbException' with message 'CDbCommand failed to execute the SQL statement: SQLSTATE[23000]: Integrity constraint violation: 1062 Duplicate entry '1' for key 'PRIMARY'. The SQL statement executed was: 
INSERT INTO `ibf_admin` VALUES ('1', 'admin', '21232f297a57a5a743894a0e4a801fc3', '0', '0', '7');' in D:\wamp\www\yii\framework\db\CDbCommand.php:358
Stack trace:
#0 D:\wamp\www\yii\wish\protected\function.php(22): CDbCommand->execute()
#1 D:\wamp\www\yii\wish\protected\modules\admin\controllers\WishController.php(51): aaaa()
#2 [internal function]: WishController->actionEdit('6')
#3 D:\wamp\www\yii\framework\web\actions\CAction.php(109): ReflectionMethod->invokeArgs(Object(WishController), Array)
#4 D:\wamp\www\yii\framework\web\actions\CInlineAction.php(47): CAction->runWithParamsInternal(Object(WishController), Object(ReflectionMethod), Array)
#5 D:\wamp\www\yii\framework\web\CController.php(308): CInlineAction->runWithParams(Array)
#6 D:\wamp\www\yii\framework\web\CController.php(286): CController->runAction(Object(CInlineAction))
#7 D:\wamp\www\yii\framework\web\CController.php(265): CController->runActionWithFilters(Object(CInlineAction), Array)
#8 D:\wamp\www\yii\framework\web\CWebApplication.php(282): CController->run('edit')
#9 D:\wamp\www\yii\framework\web\CWebApplication.php(141): CWebApplication->runController('admin/wish/edit')
#10 D:\wamp\www\yii\framework\base\CApplication.php(184): CWebApplication->processRequest()
#11 D:\wamp\www\yii\wish\index.php(16): CApplication->run()
#12 {main}
REQUEST_URI=/yii/wish/index.php?r=admin/wish/edit&id=6
HTTP_REFERER=http://localhost/yii/wish/index.php?r=admin/wish/index
---
2015/11/25 17:57:29 [error] [system.db.CDbCommand] CDbCommand::execute() failed: SQLSTATE[42000]: Syntax error or access violation: 1064 You have an error in your SQL syntax; check the manual that corresponds to your MySQL server version for the right syntax to use near 'inset into ibf_admin_log values (null,'admin','添加许愿',1448470649)' at line 1. The SQL statement executed was: inset into ibf_admin_log values (null,'admin','添加许愿',1448470649).
in D:\wamp\www\yii\wish\protected\modules\admin\controllers\WishController.php (48)
in D:\wamp\www\yii\wish\index.php (16)
2015/11/25 17:57:29 [error] [exception.CDbException] exception 'CDbException' with message 'CDbCommand failed to execute the SQL statement: SQLSTATE[42000]: Syntax error or access violation: 1064 You have an error in your SQL syntax; check the manual that corresponds to your MySQL server version for the right syntax to use near 'inset into ibf_admin_log values (null,'admin','添加许愿',1448470649)' at line 1. The SQL statement executed was: inset into ibf_admin_log values (null,'admin','添加许愿',1448470649)' in D:\wamp\www\yii\framework\db\CDbCommand.php:358
Stack trace:
#0 D:\wamp\www\yii\wish\protected\modules\admin\controllers\WishController.php(48): CDbCommand->execute()
#1 D:\wamp\www\yii\framework\web\actions\CInlineAction.php(49): WishController->actionAdd()
#2 D:\wamp\www\yii\framework\web\CController.php(308): CInlineAction->runWithParams(Array)
#3 D:\wamp\www\yii\framework\web\CController.php(286): CController->runAction(Object(CInlineAction))
#4 D:\wamp\www\yii\framework\web\CController.php(265): CController->runActionWithFilters(Object(CInlineAction), Array)
#5 D:\wamp\www\yii\framework\web\CWebApplication.php(282): CController->run('add')
#6 D:\wamp\www\yii\framework\web\CWebApplication.php(141): CWebApplication->runController('admin/wish/add')
#7 D:\wamp\www\yii\framework\base\CApplication.php(184): CWebApplication->processRequest()
#8 D:\wamp\www\yii\wish\index.php(16): CApplication->run()
#9 {main}
REQUEST_URI=/yii/wish/index.php?r=admin/wish/add
HTTP_REFERER=http://localhost/yii/wish/index.php?r=admin/index/indexleft
---
2015/11/25 17:58:05 [error] [system.db.CDbCommand] CDbCommand::execute() failed: SQLSTATE[21S01]: Insert value list does not match column list: 1136 Column count doesn't match value count at row 1. The SQL statement executed was: insert into ibf_admin_log values (null,'admin','添加许愿',1448470685).
in D:\wamp\www\yii\wish\protected\modules\admin\controllers\WishController.php (43)
in D:\wamp\www\yii\wish\index.php (16)
2015/11/25 17:58:05 [error] [exception.CDbException] exception 'CDbException' with message 'CDbCommand failed to execute the SQL statement: SQLSTATE[21S01]: Insert value list does not match column list: 1136 Column count doesn't match value count at row 1. The SQL statement executed was: insert into ibf_admin_log values (null,'admin','添加许愿',1448470685)' in D:\wamp\www\yii\framework\db\CDbCommand.php:358
Stack trace:
#0 D:\wamp\www\yii\wish\protected\modules\admin\controllers\WishController.php(43): CDbCommand->execute()
#1 D:\wamp\www\yii\framework\web\actions\CInlineAction.php(49): WishController->actionAdd()
#2 D:\wamp\www\yii\framework\web\CController.php(308): CInlineAction->runWithParams(Array)
#3 D:\wamp\www\yii\framework\web\CController.php(286): CController->runAction(Object(CInlineAction))
#4 D:\wamp\www\yii\framework\web\CController.php(265): CController->runActionWithFilters(Object(CInlineAction), Array)
#5 D:\wamp\www\yii\framework\web\CWebApplication.php(282): CController->run('add')
#6 D:\wamp\www\yii\framework\web\CWebApplication.php(141): CWebApplication->runController('admin/wish/add')
#7 D:\wamp\www\yii\framework\base\CApplication.php(184): CWebApplication->processRequest()
#8 D:\wamp\www\yii\wish\index.php(16): CApplication->run()
#9 {main}
REQUEST_URI=/yii/wish/index.php?r=admin/wish/add
HTTP_REFERER=http://localhost/yii/wish/index.php?r=admin/wish/add
---
2015/11/25 18:20:32 [error] [exception.CHttpException.404] exception 'CHttpException' with message 'The system is unable to find the requested action "idnex".' in D:\wamp\www\yii\framework\web\CController.php:483
Stack trace:
#0 D:\wamp\www\yii\framework\web\CController.php(270): CController->missingAction('idnex')
#1 D:\wamp\www\yii\framework\web\CWebApplication.php(282): CController->run('idnex')
#2 D:\wamp\www\yii\framework\web\CWebApplication.php(141): CWebApplication->runController('index/idnex')
#3 D:\wamp\www\yii\framework\base\CApplication.php(184): CWebApplication->processRequest()
#4 D:\wamp\www\yii\wish\index.php(16): CApplication->run()
#5 {main}
REQUEST_URI=/yii/wish/index.php?r=index/idnex
HTTP_REFERER=http://localhost/yii/wish/index.php?r=index/send
---
2015/11/25 18:20:44 [error] [exception.CHttpException.404] exception 'CHttpException' with message 'The system is unable to find the requested action "idnex".' in D:\wamp\www\yii\framework\web\CController.php:483
Stack trace:
#0 D:\wamp\www\yii\framework\web\CController.php(270): CController->missingAction('idnex')
#1 D:\wamp\www\yii\framework\web\CWebApplication.php(282): CController->run('idnex')
#2 D:\wamp\www\yii\framework\web\CWebApplication.php(141): CWebApplication->runController('index/idnex')
#3 D:\wamp\www\yii\framework\base\CApplication.php(184): CWebApplication->processRequest()
#4 D:\wamp\www\yii\wish\index.php(16): CApplication->run()
#5 {main}
REQUEST_URI=/yii/wish/index.php?r=index/idnex
HTTP_REFERER=http://localhost/yii/wish/index.php?r=index/send
---
2015/11/25 18:20:46 [error] [exception.CHttpException.404] exception 'CHttpException' with message 'The system is unable to find the requested action "idnex".' in D:\wamp\www\yii\framework\web\CController.php:483
Stack trace:
#0 D:\wamp\www\yii\framework\web\CController.php(270): CController->missingAction('idnex')
#1 D:\wamp\www\yii\framework\web\CWebApplication.php(282): CController->run('idnex')
#2 D:\wamp\www\yii\framework\web\CWebApplication.php(141): CWebApplication->runController('index/idnex')
#3 D:\wamp\www\yii\framework\base\CApplication.php(184): CWebApplication->processRequest()
#4 D:\wamp\www\yii\wish\index.php(16): CApplication->run()
#5 {main}
REQUEST_URI=/yii/wish/index.php?r=index/idnex
HTTP_REFERER=http://localhost/yii/wish/index.php?r=index/send
---
2015/11/25 18:20:46 [error] [exception.CHttpException.404] exception 'CHttpException' with message 'The system is unable to find the requested action "idnex".' in D:\wamp\www\yii\framework\web\CController.php:483
Stack trace:
#0 D:\wamp\www\yii\framework\web\CController.php(270): CController->missingAction('idnex')
#1 D:\wamp\www\yii\framework\web\CWebApplication.php(282): CController->run('idnex')
#2 D:\wamp\www\yii\framework\web\CWebApplication.php(141): CWebApplication->runController('index/idnex')
#3 D:\wamp\www\yii\framework\base\CApplication.php(184): CWebApplication->processRequest()
#4 D:\wamp\www\yii\wish\index.php(16): CApplication->run()
#5 {main}
REQUEST_URI=/yii/wish/index.php?r=index/idnex
HTTP_REFERER=http://localhost/yii/wish/index.php?r=index/send
---
2015/11/25 18:20:48 [error] [exception.CHttpException.404] exception 'CHttpException' with message 'The system is unable to find the requested action "idnex".' in D:\wamp\www\yii\framework\web\CController.php:483
Stack trace:
#0 D:\wamp\www\yii\framework\web\CController.php(270): CController->missingAction('idnex')
#1 D:\wamp\www\yii\framework\web\CWebApplication.php(282): CController->run('idnex')
#2 D:\wamp\www\yii\framework\web\CWebApplication.php(141): CWebApplication->runController('index/idnex')
#3 D:\wamp\www\yii\framework\base\CApplication.php(184): CWebApplication->processRequest()
#4 D:\wamp\www\yii\wish\index.php(16): CApplication->run()
#5 {main}
REQUEST_URI=/yii/wish/index.php?r=index/idnex
HTTP_REFERER=http://localhost/yii/wish/index.php?r=index/send
---
2015/11/25 18:20:52 [error] [exception.CHttpException.404] exception 'CHttpException' with message 'The system is unable to find the requested action "idnex".' in D:\wamp\www\yii\framework\web\CController.php:483
Stack trace:
#0 D:\wamp\www\yii\framework\web\CController.php(270): CController->missingAction('idnex')
#1 D:\wamp\www\yii\framework\web\CWebApplication.php(282): CController->run('idnex')
#2 D:\wamp\www\yii\framework\web\CWebApplication.php(141): CWebApplication->runController('index/idnex')
#3 D:\wamp\www\yii\framework\base\CApplication.php(184): CWebApplication->processRequest()
#4 D:\wamp\www\yii\wish\index.php(16): CApplication->run()
#5 {main}
REQUEST_URI=/yii/wish/index.php?r=index/idnex
HTTP_REFERER=http://localhost/yii/wish/index.php?r=index/send
---
2015/11/25 18:20:55 [error] [exception.CHttpException.404] exception 'CHttpException' with message 'The system is unable to find the requested action "idnex".' in D:\wamp\www\yii\framework\web\CController.php:483
Stack trace:
#0 D:\wamp\www\yii\framework\web\CController.php(270): CController->missingAction('idnex')
#1 D:\wamp\www\yii\framework\web\CWebApplication.php(282): CController->run('idnex')
#2 D:\wamp\www\yii\framework\web\CWebApplication.php(141): CWebApplication->runController('index/idnex')
#3 D:\wamp\www\yii\framework\base\CApplication.php(184): CWebApplication->processRequest()
#4 D:\wamp\www\yii\wish\index.php(16): CApplication->run()
#5 {main}
REQUEST_URI=/yii/wish/index.php?r=index/idnex
HTTP_REFERER=http://localhost/yii/wish/index.php?r=index/send
---
2015/11/25 18:20:57 [error] [exception.CHttpException.404] exception 'CHttpException' with message 'The system is unable to find the requested action "idnex".' in D:\wamp\www\yii\framework\web\CController.php:483
Stack trace:
#0 D:\wamp\www\yii\framework\web\CController.php(270): CController->missingAction('idnex')
#1 D:\wamp\www\yii\framework\web\CWebApplication.php(282): CController->run('idnex')
#2 D:\wamp\www\yii\framework\web\CWebApplication.php(141): CWebApplication->runController('index/idnex')
#3 D:\wamp\www\yii\framework\base\CApplication.php(184): CWebApplication->processRequest()
#4 D:\wamp\www\yii\wish\index.php(16): CApplication->run()
#5 {main}
REQUEST_URI=/yii/wish/index.php?r=index/idnex
HTTP_REFERER=http://localhost/yii/wish/index.php?r=index/send
---
2015/11/25 18:21:08 [error] [exception.CHttpException.404] exception 'CHttpException' with message 'The system is unable to find the requested action "idnex".' in D:\wamp\www\yii\framework\web\CController.php:483
Stack trace:
#0 D:\wamp\www\yii\framework\web\CController.php(270): CController->missingAction('idnex')
#1 D:\wamp\www\yii\framework\web\CWebApplication.php(282): CController->run('idnex')
#2 D:\wamp\www\yii\framework\web\CWebApplication.php(141): CWebApplication->runController('index/idnex')
#3 D:\wamp\www\yii\framework\base\CApplication.php(184): CWebApplication->processRequest()
#4 D:\wamp\www\yii\wish\index.php(16): CApplication->run()
#5 {main}
REQUEST_URI=/yii/wish/index.php?r=index/idnex
HTTP_REFERER=http://localhost/yii/wish/index.php?r=index/send
---
2015/11/25 18:24:34 [error] [exception.CException] exception 'CException' with message 'IndexController and its behaviors do not have a method or closure named "create".' in D:\wamp\www\yii\framework\base\CComponent.php:266
Stack trace:
#0 D:\wamp\www\yii\wish\protected\views\index\send.php(62): CComponent->__call('create', Array)
#1 D:\wamp\www\yii\wish\protected\views\index\send.php(62): IndexController->create('index/index')
#2 D:\wamp\www\yii\framework\web\CBaseController.php(126): require('D:\\wamp\\www\\yii...')
#3 D:\wamp\www\yii\framework\web\CBaseController.php(95): CBaseController->renderInternal('D:\\wamp\\www\\yii...', NULL, true)
#4 D:\wamp\www\yii\framework\web\CController.php(869): CBaseController->renderFile('D:\\wamp\\www\\yii...', NULL, true)
#5 D:\wamp\www\yii\framework\web\CController.php(782): CController->renderPartial('send', NULL, true)
#6 D:\wamp\www\yii\wish\protected\controllers\IndexController.php(24): CController->render('send')
#7 D:\wamp\www\yii\framework\web\actions\CInlineAction.php(49): IndexController->actionSend()
#8 D:\wamp\www\yii\framework\web\CController.php(308): CInlineAction->runWithParams(Array)
#9 D:\wamp\www\yii\framework\web\CController.php(286): CController->runAction(Object(CInlineAction))
#10 D:\wamp\www\yii\framework\web\CController.php(265): CController->runActionWithFilters(Object(CInlineAction), Array)
#11 D:\wamp\www\yii\framework\web\CWebApplication.php(282): CController->run('send')
#12 D:\wamp\www\yii\framework\web\CWebApplication.php(141): CWebApplication->runController('index/send')
#13 D:\wamp\www\yii\framework\base\CApplication.php(184): CWebApplication->processRequest()
#14 D:\wamp\www\yii\wish\index.php(16): CApplication->run()
#15 {main}
REQUEST_URI=/yii/wish/index.php?r=index/send
HTTP_REFERER=http://localhost/yii/wish/
---
2015/11/25 18:26:31 [error] [php] Undefined variable: wishModel (D:\wamp\www\yii\wish\protected\views\index\send.php:66)
Stack trace:
#0 D:\wamp\www\yii\framework\web\CController.php(869): IndexController->renderFile()
#1 D:\wamp\www\yii\framework\web\CController.php(782): IndexController->renderPartial()
#2 D:\wamp\www\yii\wish\protected\controllers\IndexController.php(24): IndexController->render()
#3 D:\wamp\www\yii\framework\web\actions\CInlineAction.php(49): IndexController->actionSend()
#4 D:\wamp\www\yii\framework\web\CController.php(308): CInlineAction->runWithParams()
#5 D:\wamp\www\yii\framework\web\CController.php(286): IndexController->runAction()
#6 D:\wamp\www\yii\framework\web\CController.php(265): IndexController->runActionWithFilters()
#7 D:\wamp\www\yii\framework\web\CWebApplication.php(282): IndexController->run()
#8 D:\wamp\www\yii\framework\web\CWebApplication.php(141): CWebApplication->runController()
#9 D:\wamp\www\yii\framework\base\CApplication.php(184): CWebApplication->processRequest()
#10 D:\wamp\www\yii\wish\index.php(16): CWebApplication->run()
REQUEST_URI=/yii/wish/index.php?r=index/send
in D:\wamp\www\yii\wish\protected\views\index\send.php (66)
in D:\wamp\www\yii\wish\protected\controllers\IndexController.php (24)
in D:\wamp\www\yii\wish\index.php (16)
2015/11/25 18:42:39 [error] [php] str_repeat() expects exactly 2 parameters, 3 given (D:\wamp\www\yii\wish\protected\views\index\index.php:11)
Stack trace:
#0 D:\wamp\www\yii\framework\web\CBaseController.php(95): IndexController->renderInternal()
#1 D:\wamp\www\yii\framework\web\CController.php(869): IndexController->renderFile()
#2 D:\wamp\www\yii\framework\web\CController.php(782): IndexController->renderPartial()
#3 D:\wamp\www\yii\wish\protected\controllers\IndexController.php(19): IndexController->render()
#4 D:\wamp\www\yii\framework\web\actions\CInlineAction.php(49): IndexController->actionIndex()
#5 D:\wamp\www\yii\framework\web\CController.php(308): CInlineAction->runWithParams()
#6 D:\wamp\www\yii\framework\web\CController.php(286): IndexController->runAction()
#7 D:\wamp\www\yii\framework\web\CController.php(265): IndexController->runActionWithFilters()
#8 D:\wamp\www\yii\framework\web\CWebApplication.php(282): IndexController->run()
#9 D:\wamp\www\yii\framework\web\CWebApplication.php(141): CWebApplication->runController()
#10 D:\wamp\www\yii\framework\base\CApplication.php(184): CWebApplication->processRequest()
#11 D:\wamp\www\yii\wish\index.php(16): CWebApplication->run()
REQUEST_URI=/yii/wish/index.php?r=index/index
in D:\wamp\www\yii\wish\protected\views\index\index.php (11)
in D:\wamp\www\yii\wish\protected\controllers\IndexController.php (19)
in D:\wamp\www\yii\wish\index.php (16)
2015/11/25 18:42:41 [error] [php] str_repeat() expects exactly 2 parameters, 3 given (D:\wamp\www\yii\wish\protected\views\index\index.php:11)
Stack trace:
#0 D:\wamp\www\yii\framework\web\CBaseController.php(95): IndexController->renderInternal()
#1 D:\wamp\www\yii\framework\web\CController.php(869): IndexController->renderFile()
#2 D:\wamp\www\yii\framework\web\CController.php(782): IndexController->renderPartial()
#3 D:\wamp\www\yii\wish\protected\controllers\IndexController.php(19): IndexController->render()
#4 D:\wamp\www\yii\framework\web\actions\CInlineAction.php(49): IndexController->actionIndex()
#5 D:\wamp\www\yii\framework\web\CController.php(308): CInlineAction->runWithParams()
#6 D:\wamp\www\yii\framework\web\CController.php(286): IndexController->runAction()
#7 D:\wamp\www\yii\framework\web\CController.php(265): IndexController->runActionWithFilters()
#8 D:\wamp\www\yii\framework\web\CWebApplication.php(282): IndexController->run()
#9 D:\wamp\www\yii\framework\web\CWebApplication.php(141): CWebApplication->runController()
#10 D:\wamp\www\yii\framework\base\CApplication.php(184): CWebApplication->processRequest()
#11 D:\wamp\www\yii\wish\index.php(16): CWebApplication->run()
REQUEST_URI=/yii/wish/index.php?r=index/index
in D:\wamp\www\yii\wish\protected\views\index\index.php (11)
in D:\wamp\www\yii\wish\protected\controllers\IndexController.php (19)
in D:\wamp\www\yii\wish\index.php (16)
2015/11/25 18:42:54 [error] [php] str_repeat() expects exactly 2 parameters, 3 given (D:\wamp\www\yii\wish\protected\views\index\index.php:11)
Stack trace:
#0 D:\wamp\www\yii\framework\web\CBaseController.php(95): IndexController->renderInternal()
#1 D:\wamp\www\yii\framework\web\CController.php(869): IndexController->renderFile()
#2 D:\wamp\www\yii\framework\web\CController.php(782): IndexController->renderPartial()
#3 D:\wamp\www\yii\wish\protected\controllers\IndexController.php(19): IndexController->render()
#4 D:\wamp\www\yii\framework\web\actions\CInlineAction.php(49): IndexController->actionIndex()
#5 D:\wamp\www\yii\framework\web\CController.php(308): CInlineAction->runWithParams()
#6 D:\wamp\www\yii\framework\web\CController.php(286): IndexController->runAction()
#7 D:\wamp\www\yii\framework\web\CController.php(265): IndexController->runActionWithFilters()
#8 D:\wamp\www\yii\framework\web\CWebApplication.php(282): IndexController->run()
#9 D:\wamp\www\yii\framework\web\CWebApplication.php(141): CWebApplication->runController()
#10 D:\wamp\www\yii\framework\base\CApplication.php(184): CWebApplication->processRequest()
#11 D:\wamp\www\yii\wish\index.php(16): CWebApplication->run()
REQUEST_URI=/yii/wish/index.php?r=index/index
in D:\wamp\www\yii\wish\protected\views\index\index.php (11)
in D:\wamp\www\yii\wish\protected\controllers\IndexController.php (19)
in D:\wamp\www\yii\wish\index.php (16)
2015/11/25 18:43:03 [error] [php] str_repeat() expects exactly 2 parameters, 3 given (D:\wamp\www\yii\wish\protected\views\index\index.php:11)
Stack trace:
#0 D:\wamp\www\yii\framework\web\CBaseController.php(95): IndexController->renderInternal()
#1 D:\wamp\www\yii\framework\web\CController.php(869): IndexController->renderFile()
#2 D:\wamp\www\yii\framework\web\CController.php(782): IndexController->renderPartial()
#3 D:\wamp\www\yii\wish\protected\controllers\IndexController.php(19): IndexController->render()
#4 D:\wamp\www\yii\framework\web\actions\CInlineAction.php(49): IndexController->actionIndex()
#5 D:\wamp\www\yii\framework\web\CController.php(308): CInlineAction->runWithParams()
#6 D:\wamp\www\yii\framework\web\CController.php(286): IndexController->runAction()
#7 D:\wamp\www\yii\framework\web\CController.php(265): IndexController->runActionWithFilters()
#8 D:\wamp\www\yii\framework\web\CWebApplication.php(282): IndexController->run()
#9 D:\wamp\www\yii\framework\web\CWebApplication.php(141): CWebApplication->runController()
#10 D:\wamp\www\yii\framework\base\CApplication.php(184): CWebApplication->processRequest()
#11 D:\wamp\www\yii\wish\index.php(16): CWebApplication->run()
REQUEST_URI=/yii/wish/index.php?r=index/index
in D:\wamp\www\yii\wish\protected\views\index\index.php (11)
in D:\wamp\www\yii\wish\protected\controllers\IndexController.php (19)
in D:\wamp\www\yii\wish\index.php (16)
2015/11/25 18:43:04 [error] [php] str_repeat() expects exactly 2 parameters, 3 given (D:\wamp\www\yii\wish\protected\views\index\index.php:11)
Stack trace:
#0 D:\wamp\www\yii\framework\web\CBaseController.php(95): IndexController->renderInternal()
#1 D:\wamp\www\yii\framework\web\CController.php(869): IndexController->renderFile()
#2 D:\wamp\www\yii\framework\web\CController.php(782): IndexController->renderPartial()
#3 D:\wamp\www\yii\wish\protected\controllers\IndexController.php(19): IndexController->render()
#4 D:\wamp\www\yii\framework\web\actions\CInlineAction.php(49): IndexController->actionIndex()
#5 D:\wamp\www\yii\framework\web\CController.php(308): CInlineAction->runWithParams()
#6 D:\wamp\www\yii\framework\web\CController.php(286): IndexController->runAction()
#7 D:\wamp\www\yii\framework\web\CController.php(265): IndexController->runActionWithFilters()
#8 D:\wamp\www\yii\framework\web\CWebApplication.php(282): IndexController->run()
#9 D:\wamp\www\yii\framework\web\CWebApplication.php(141): CWebApplication->runController()
#10 D:\wamp\www\yii\framework\base\CApplication.php(184): CWebApplication->processRequest()
#11 D:\wamp\www\yii\wish\index.php(16): CWebApplication->run()
REQUEST_URI=/yii/wish/index.php?r=index/index
in D:\wamp\www\yii\wish\protected\views\index\index.php (11)
in D:\wamp\www\yii\wish\protected\controllers\IndexController.php (19)
in D:\wamp\www\yii\wish\index.php (16)
